WARNING: Cache entry deserialization failed, entry ignored
Collecting tensorflow==2.10.0 (from -r requirements.txt (line 1))
  Downloading tensorflow-2.10.0-cp310-cp310-manylinux_2_17_x86_64.manylinux2014_x86_64.whl.metadata (3.1 kB)
WARNING: Cache entry deserialization failed, entry ignored
Collecting numpy<1.27,>=1.23 (from -r requirements.txt (line 2))
  Downloading numpy-1.26.4-cp310-cp310-manylinux_2_17_x86_64.manylinux2014_x86_64.whl.metadata (61 kB)
WARNING: Cache entry deserialization failed, entry ignored
Collecting h5py (from -r requirements.txt (line 3))
  Downloading h5py-3.16.0-cp310-cp310-manylinux_2_28_x86_64.whl.metadata (3.0 kB)
WARNING: Cache entry deserialization failed, entry ignored
Collecting matplotlib (from -r requirements.txt (line 4))
  Downloading matplotlib-3.10.9-cp310-cp310-manylinux2014_x86_64.manylinux_2_17_x86_64.whl.metadata (52 kB)
WARNING: Cache entry deserialization failed, entry ignored
Collecting scikit-learn (from -r requirements.txt (line 5))
  Downloading scikit_learn-1.7.2-cp310-cp310-manylinux2014_x86_64.manylinux_2_17_x86_64.whl.metadata (11 kB)
WARNING: Cache entry deserialization failed, entry ignored
Collecting scipy (from -r requirements.txt (line 6))
  Downloading scipy-1.15.3-cp310-cp310-manylinux_2_17_x86_64.manylinux2014_x86_64.whl.metadata (61 kB)
WARNING: Cache entry deserialization failed, entry ignored
Collecting seaborn (from -r requirements.txt (line 7))
  Using cached seaborn-0.13.2-py3-none-any.whl.metadata (5.4 kB)
WARNING: Cache entry deserialization failed, entry ignored
Collecting tqdm (from -r requirements.txt (line 8))
  Using cached tqdm-4.67.3-py3-none-any.whl.metadata (57 kB)
WARNING: Cache entry deserialization failed, entry ignored
Collecting streamlit==1.22.0 (from -r requirements.txt (line 9))
  Using cached streamlit-1.22.0-py2.py3-none-any.whl.metadata (7.3 kB)
WARNING: Cache entry deserialization failed, entry ignored
Collecting plotly>=5.0 (from -r requirements.txt (line 10))
  Using cached plotly-6.7.0-py3-none-any.whl.metadata (8.6 kB)
WARNING: Cache entry deserialization failed, entry ignored
Collecting protobuf==3.19.6 (from -r requirements.txt (line 11))
  Downloading protobuf-3.19.6-cp310-cp310-manylinux_2_17_x86_64.manylinux2014_x86_64.whl.metadata (787 bytes)
Collecting absl-py>=1.0.0 (from tensorflow==2.10.0->-r requirements.txt (line 1))
  Downloading absl_py-2.4.0-py3-none-any.whl.metadata (3.3 kB)
Collecting astunparse>=1.6.0 (from tensorflow==2.10.0->-r requirements.txt (line 1))
  Downloading astunparse-1.6.3-py2.py3-none-any.whl.metadata (4.4 kB)
Collecting flatbuffers>=2.0 (from tensorflow==2.10.0->-r requirements.txt (line 1))
  Downloading flatbuffers-25.12.19-py2.py3-none-any.whl.metadata (1.0 kB)
Collecting gast<=0.4.0,>=0.2.1 (from tensorflow==2.10.0->-r requirements.txt (line 1))
  Downloading gast-0.4.0-py3-none-any.whl.metadata (1.1 kB)
Collecting google-pasta>=0.1.1 (from tensorflow==2.10.0->-r requirements.txt (line 1))
  Downloading google_pasta-0.2.0-py3-none-any.whl.metadata (814 bytes)
Collecting grpcio<2.0,>=1.24.3 (from tensorflow==2.10.0->-r requirements.txt (line 1))
  Downloading grpcio-1.80.0-cp310-cp310-manylinux2014_x86_64.manylinux_2_17_x86_64.whl.metadata (3.8 kB)
Collecting keras<2.11,>=2.10.0 (from tensorflow==2.10.0->-r requirements.txt (line 1))
  Downloading keras-2.10.0-py2.py3-none-any.whl.metadata (1.3 kB)
Collecting keras-preprocessing>=1.1.1 (from tensorflow==2.10.0->-r requirements.txt (line 1))
  Downloading Keras_Preprocessing-1.1.2-py2.py3-none-any.whl.metadata (1.9 kB)
Collecting libclang>=13.0.0 (from tensorflow==2.10.0->-r requirements.txt (line 1))
  Downloading libclang-18.1.1-py2.py3-none-manylinux2010_x86_64.whl.metadata (5.2 kB)
Collecting opt-einsum>=2.3.2 (from tensorflow==2.10.0->-r requirements.txt (line 1))
  Downloading opt_einsum-3.4.0-py3-none-any.whl.metadata (6.3 kB)
Requirement already satisfied: packaging in ./venv_py310/lib/python3.10/site-packages (from tensorflow==2.10.0->-r requirements.txt (line 1)) (26.2)
Requirement already satisfied: setuptools in ./venv_py310/lib/python3.10/site-packages (from tensorflow==2.10.0->-r requirements.txt (line 1)) (82.0.1)
WARNING: Cache entry deserialization failed, entry ignored
Collecting six>=1.12.0 (from tensorflow==2.10.0->-r requirements.txt (line 1))
  Using cached six-1.17.0-py2.py3-none-any.whl.metadata (1.7 kB)
Collecting tensorboard<2.11,>=2.10 (from tensorflow==2.10.0->-r requirements.txt (line 1))
  Downloading tensorboard-2.10.1-py3-none-any.whl.metadata (1.9 kB)
Collecting tensorflow-io-gcs-filesystem>=0.23.1 (from tensorflow==2.10.0->-r requirements.txt (line 1))
  Downloading tensorflow_io_gcs_filesystem-0.37.1-cp310-cp310-manylinux_2_17_x86_64.manylinux2014_x86_64.whl.metadata (14 kB)
Collecting tensorflow-estimator<2.11,>=2.10.0 (from tensorflow==2.10.0->-r requirements.txt (line 1))
  Downloading tensorflow_estimator-2.10.0-py2.py3-none-any.whl.metadata (1.3 kB)
Collecting termcolor>=1.1.0 (from tensorflow==2.10.0->-r requirements.txt (line 1))
  Downloading termcolor-3.3.0-py3-none-any.whl.metadata (6.5 kB)
Collecting typing-extensions>=3.6.6 (from tensorflow==2.10.0->-r requirements.txt (line 1))
  Downloading typing_extensions-4.15.0-py3-none-any.whl.metadata (3.3 kB)
Collecting wrapt>=1.11.0 (from tensorflow==2.10.0->-r requirements.txt (line 1))
  Downloading wrapt-2.2.1-cp310-cp310-manylinux1_x86_64.manylinux_2_28_x86_64.manylinux_2_5_x86_64.whl.metadata (7.4 kB)
Collecting altair<5,>=3.2.0 (from streamlit==1.22.0->-r requirements.txt (line 9))
  Downloading altair-4.2.2-py3-none-any.whl.metadata (13 kB)
Collecting blinker>=1.0.0 (from streamlit==1.22.0->-r requirements.txt (line 9))
  Downloading blinker-1.9.0-py3-none-any.whl.metadata (1.6 kB)
Collecting cachetools>=4.0 (from streamlit==1.22.0->-r requirements.txt (line 9))
  Downloading cachetools-7.1.4-py3-none-any.whl.metadata (5.5 kB)
Collecting click>=7.0 (from streamlit==1.22.0->-r requirements.txt (line 9))
  Downloading click-8.4.1-py3-none-any.whl.metadata (2.6 kB)
Collecting importlib-metadata>=1.4 (from streamlit==1.22.0->-r requirements.txt (line 9))
  Downloading importlib_metadata-9.0.0-py3-none-any.whl.metadata (4.5 kB)
WARNING: Cache entry deserialization failed, entry ignored
Collecting pandas<3,>=0.25 (from streamlit==1.22.0->-r requirements.txt (line 9))
  Downloading pandas-2.3.3-cp310-cp310-manylinux_2_24_x86_64.manylinux_2_28_x86_64.whl.metadata (91 kB)
WARNING: Cache entry deserialization failed, entry ignored
Collecting pillow>=6.2.0 (from streamlit==1.22.0->-r requirements.txt (line 9))
  Downloading pillow-12.2.0-cp310-cp310-manylinux_2_27_x86_64.manylinux_2_28_x86_64.whl.metadata (8.8 kB)
Collecting pyarrow>=4.0 (from streamlit==1.22.0->-r requirements.txt (line 9))
  Downloading pyarrow-24.0.0-cp310-cp310-manylinux_2_28_x86_64.whl.metadata (3.0 kB)
Collecting pympler>=0.9 (from streamlit==1.22.0->-r requirements.txt (line 9))
  Downloading Pympler-1.1-py3-none-any.whl.metadata (3.6 kB)
WARNING: Cache entry deserialization failed, entry ignored
Collecting python-dateutil (from streamlit==1.22.0->-r requirements.txt (line 9))
  Using cached python_dateutil-2.9.0.post0-py2.py3-none-any.whl.metadata (8.4 kB)
Collecting requests>=2.4 (from streamlit==1.22.0->-r requirements.txt (line 9))
  Downloading requests-2.34.2-py3-none-any.whl.metadata (4.8 kB)
Collecting rich>=10.11.0 (from streamlit==1.22.0->-r requirements.txt (line 9))
  Downloading rich-15.0.0-py3-none-any.whl.metadata (18 kB)
Collecting tenacity<9,>=8.0.0 (from streamlit==1.22.0->-r requirements.txt (line 9))
  Downloading tenacity-8.5.0-py3-none-any.whl.metadata (1.2 kB)
Collecting toml (from streamlit==1.22.0->-r requirements.txt (line 9))
  Downloading toml-0.10.2-py2.py3-none-any.whl.metadata (7.1 kB)
Collecting tzlocal>=1.1 (from streamlit==1.22.0->-r requirements.txt (line 9))
  Downloading tzlocal-5.3.1-py3-none-any.whl.metadata (7.6 kB)
Collecting validators>=0.2 (from streamlit==1.22.0->-r requirements.txt (line 9))
  Downloading validators-0.35.0-py3-none-any.whl.metadata (3.9 kB)
Collecting gitpython!=3.1.19 (from streamlit==1.22.0->-r requirements.txt (line 9))
  Downloading gitpython-3.1.50-py3-none-any.whl.metadata (14 kB)
Collecting pydeck>=0.1.dev5 (from streamlit==1.22.0->-r requirements.txt (line 9))
  Downloading pydeck-0.9.2-py2.py3-none-any.whl.metadata (4.2 kB)
Collecting tornado>=6.0.3 (from streamlit==1.22.0->-r requirements.txt (line 9))
  Downloading tornado-6.5.6-cp39-abi3-manylinux1_x86_64.manylinux_2_28_x86_64.manylinux_2_5_x86_64.whl.metadata (2.8 kB)
Collecting watchdog (from streamlit==1.22.0->-r requirements.txt (line 9))
  Downloading watchdog-6.0.0-py3-none-manylinux2014_x86_64.whl.metadata (44 kB)
Collecting entrypoints (from altair<5,>=3.2.0->streamlit==1.22.0->-r requirements.txt (line 9))
  Downloading entrypoints-0.4-py3-none-any.whl.metadata (2.6 kB)
Collecting jinja2 (from altair<5,>=3.2.0->streamlit==1.22.0->-r requirements.txt (line 9))
  Downloading jinja2-3.1.6-py3-none-any.whl.metadata (2.9 kB)
Collecting jsonschema>=3.0 (from altair<5,>=3.2.0->streamlit==1.22.0->-r requirements.txt (line 9))
  Downloading jsonschema-4.26.0-py3-none-any.whl.metadata (7.6 kB)
Collecting toolz (from altair<5,>=3.2.0->streamlit==1.22.0->-r requirements.txt (line 9))
  Downloading toolz-1.1.0-py3-none-any.whl.metadata (5.1 kB)
Collecting pytz>=2020.1 (from pandas<3,>=0.25->streamlit==1.22.0->-r requirements.txt (line 9))
  Downloading pytz-2026.2-py2.py3-none-any.whl.metadata (22 kB)
Collecting tzdata>=2022.7 (from pandas<3,>=0.25->streamlit==1.22.0->-r requirements.txt (line 9))
  Downloading tzdata-2026.2-py2.py3-none-any.whl.metadata (1.4 kB)
Collecting google-auth<3,>=1.6.3 (from tensorboard<2.11,>=2.10->tensorflow==2.10.0->-r requirements.txt (line 1))
  Downloading google_auth-2.53.0-py3-none-any.whl.metadata (5.5 kB)
Collecting google-auth-oauthlib<0.5,>=0.4.1 (from tensorboard<2.11,>=2.10->tensorflow==2.10.0->-r requirements.txt (line 1))
  Downloading google_auth_oauthlib-0.4.6-py2.py3-none-any.whl.metadata (2.7 kB)
Collecting markdown>=2.6.8 (from tensorboard<2.11,>=2.10->tensorflow==2.10.0->-r requirements.txt (line 1))
  Downloading markdown-3.10.2-py3-none-any.whl.metadata (5.1 kB)
Collecting tensorboard-data-server<0.7.0,>=0.6.0 (from tensorboard<2.11,>=2.10->tensorflow==2.10.0->-r requirements.txt (line 1))
  Downloading tensorboard_data_server-0.6.1-py3-none-manylinux2010_x86_64.whl.metadata (1.1 kB)
Collecting tensorboard-plugin-wit>=1.6.0 (from tensorboard<2.11,>=2.10->tensorflow==2.10.0->-r requirements.txt (line 1))
  Downloading tensorboard_plugin_wit-1.8.1-py3-none-any.whl.metadata (873 bytes)
Collecting werkzeug>=1.0.1 (from tensorboard<2.11,>=2.10->tensorflow==2.10.0->-r requirements.txt (line 1))
  Downloading werkzeug-3.1.8-py3-none-any.whl.metadata (4.0 kB)
Requirement already satisfied: wheel>=0.26 in ./venv_py310/lib/python3.10/site-packages (from tensorboard<2.11,>=2.10->tensorflow==2.10.0->-r requirements.txt (line 1)) (0.47.0)
Collecting pyasn1-modules>=0.2.1 (from google-auth<3,>=1.6.3->tensorboard<2.11,>=2.10->tensorflow==2.10.0->-r requirements.txt (line 1))
  Downloading pyasn1_modules-0.4.2-py3-none-any.whl.metadata (3.5 kB)
Collecting cryptography>=38.0.3 (from google-auth<3,>=1.6.3->tensorboard<2.11,>=2.10->tensorflow==2.10.0->-r requirements.txt (line 1))
  Downloading cryptography-48.0.0-cp39-abi3-manylinux_2_34_x86_64.whl.metadata (4.3 kB)
Collecting requests-oauthlib>=0.7.0 (from google-auth-oauthlib<0.5,>=0.4.1->tensorboard<2.11,>=2.10->tensorflow==2.10.0->-r requirements.txt (line 1))
  Downloading requests_oauthlib-2.0.0-py2.py3-none-any.whl.metadata (11 kB)
Collecting charset_normalizer<4,>=2 (from requests>=2.4->streamlit==1.22.0->-r requirements.txt (line 9))
  Downloading charset_normalizer-3.4.7-cp310-cp310-manylinux2014_x86_64.manylinux_2_17_x86_64.manylinux_2_28_x86_64.whl.metadata (40 kB)
Collecting idna<4,>=2.5 (from requests>=2.4->streamlit==1.22.0->-r requirements.txt (line 9))
  Downloading idna-3.17-py3-none-any.whl.metadata (6.4 kB)
Collecting urllib3<3,>=1.26 (from requests>=2.4->streamlit==1.22.0->-r requirements.txt (line 9))
  Downloading urllib3-2.7.0-py3-none-any.whl.metadata (6.9 kB)
Collecting certifi>=2023.5.7 (from requests>=2.4->streamlit==1.22.0->-r requirements.txt (line 9))
  Downloading certifi-2026.5.20-py3-none-any.whl.metadata (2.5 kB)
WARNING: Cache entry deserialization failed, entry ignored
Collecting contourpy>=1.0.1 (from matplotlib->-r requirements.txt (line 4))
  Downloading contourpy-1.3.2-cp310-cp310-manylinux_2_17_x86_64.manylinux2014_x86_64.whl.metadata (5.5 kB)
WARNING: Cache entry deserialization failed, entry ignored
Collecting cycler>=0.10 (from matplotlib->-r requirements.txt (line 4))
  Using cached cycler-0.12.1-py3-none-any.whl.metadata (3.8 kB)
WARNING: Cache entry deserialization failed, entry ignored
Collecting fonttools>=4.22.0 (from matplotlib->-r requirements.txt (line 4))
  Downloading fonttools-4.63.0-cp310-cp310-manylinux2014_x86_64.manylinux_2_17_x86_64.whl.metadata (118 kB)
WARNING: Cache entry deserialization failed, entry ignored
Collecting kiwisolver>=1.3.1 (from matplotlib->-r requirements.txt (line 4))
  Downloading kiwisolver-1.5.0-cp310-cp310-manylinux_2_12_x86_64.manylinux2010_x86_64.whl.metadata (5.1 kB)
WARNING: Cache entry deserialization failed, entry ignored
Collecting pyparsing>=3 (from matplotlib->-r requirements.txt (line 4))
  Using cached pyparsing-3.3.2-py3-none-any.whl.metadata (5.8 kB)
WARNING: Cache entry deserialization failed, entry ignored
Collecting joblib>=1.2.0 (from scikit-learn->-r requirements.txt (line 5))
  Using cached joblib-1.5.3-py3-none-any.whl.metadata (5.5 kB)
WARNING: Cache entry deserialization failed, entry ignored
Collecting threadpoolctl>=3.1.0 (from scikit-learn->-r requirements.txt (line 5))
  Using cached threadpoolctl-3.6.0-py3-none-any.whl.metadata (13 kB)
WARNING: Cache entry deserialization failed, entry ignored
Collecting narwhals>=1.15.1 (from plotly>=5.0->-r requirements.txt (line 10))
  Using cached narwhals-2.21.2-py3-none-any.whl.metadata (16 kB)
Collecting cffi>=2.0.0 (from cryptography>=38.0.3->google-auth<3,>=1.6.3->tensorboard<2.11,>=2.10->tensorflow==2.10.0->-r requirements.txt (line 1))
  Downloading cffi-2.0.0-cp310-cp310-manylinux2014_x86_64.manylinux_2_17_x86_64.whl.metadata (2.6 kB)
Collecting pycparser (from cffi>=2.0.0->cryptography>=38.0.3->google-auth<3,>=1.6.3->tensorboard<2.11,>=2.10->tensorflow==2.10.0->-r requirements.txt (line 1))
  Downloading pycparser-3.0-py3-none-any.whl.metadata (8.2 kB)
Collecting gitdb<5,>=4.0.1 (from gitpython!=3.1.19->streamlit==1.22.0->-r requirements.txt (line 9))
  Downloading gitdb-4.0.12-py3-none-any.whl.metadata (1.2 kB)
Collecting smmap<6,>=3.0.1 (from gitdb<5,>=4.0.1->gitpython!=3.1.19->streamlit==1.22.0->-r requirements.txt (line 9))
  Downloading smmap-5.0.3-py3-none-any.whl.metadata (4.6 kB)
Collecting zipp>=3.20 (from importlib-metadata>=1.4->streamlit==1.22.0->-r requirements.txt (line 9))
  Downloading zipp-4.1.0-py3-none-any.whl.metadata (3.6 kB)
Collecting attrs>=22.2.0 (from jsonschema>=3.0->altair<5,>=3.2.0->streamlit==1.22.0->-r requirements.txt (line 9))
  Downloading attrs-26.1.0-py3-none-any.whl.metadata (8.8 kB)
Collecting jsonschema-specifications>=2023.03.6 (from jsonschema>=3.0->altair<5,>=3.2.0->streamlit==1.22.0->-r requirements.txt (line 9))
  Downloading jsonschema_specifications-2025.9.1-py3-none-any.whl.metadata (2.9 kB)
Collecting referencing>=0.28.4 (from jsonschema>=3.0->altair<5,>=3.2.0->streamlit==1.22.0->-r requirements.txt (line 9))
  Downloading referencing-0.37.0-py3-none-any.whl.metadata (2.8 kB)
Collecting rpds-py>=0.25.0 (from jsonschema>=3.0->altair<5,>=3.2.0->streamlit==1.22.0->-r requirements.txt (line 9))
  Downloading rpds_py-0.30.0-cp310-cp310-manylinux_2_17_x86_64.manylinux2014_x86_64.whl.metadata (4.1 kB)
Collecting pyasn1<0.7.0,>=0.6.1 (from pyasn1-modules>=0.2.1->google-auth<3,>=1.6.3->tensorboard<2.11,>=2.10->tensorflow==2.10.0->-r requirements.txt (line 1))
  Downloading pyasn1-0.6.3-py3-none-any.whl.metadata (8.4 kB)
Collecting MarkupSafe>=2.0 (from jinja2->altair<5,>=3.2.0->streamlit==1.22.0->-r requirements.txt (line 9))
  Downloading markupsafe-3.0.3-cp310-cp310-manylinux2014_x86_64.manylinux_2_17_x86_64.manylinux_2_28_x86_64.whl.metadata (2.7 kB)
Collecting oauthlib>=3.0.0 (from requests-oauthlib>=0.7.0->google-auth-oauthlib<0.5,>=0.4.1->tensorboard<2.11,>=2.10->tensorflow==2.10.0->-r requirements.txt (line 1))
  Downloading oauthlib-3.3.1-py3-none-any.whl.metadata (7.9 kB)
Collecting markdown-it-py>=2.2.0 (from rich>=10.11.0->streamlit==1.22.0->-r requirements.txt (line 9))
  Downloading markdown_it_py-4.2.0-py3-none-any.whl.metadata (7.4 kB)
Collecting pygments<3.0.0,>=2.13.0 (from rich>=10.11.0->streamlit==1.22.0->-r requirements.txt (line 9))
  Downloading pygments-2.20.0-py3-none-any.whl.metadata (2.5 kB)
Collecting mdurl~=0.1 (from markdown-it-py>=2.2.0->rich>=10.11.0->streamlit==1.22.0->-r requirements.txt (line 9))
  Downloading mdurl-0.1.2-py3-none-any.whl.metadata (1.6 kB)
Downloading tensorflow-2.10.0-cp310-cp310-manylinux_2_17_x86_64.manylinux2014_x86_64.whl (578.0 MB)
   ━━━━━━━━━━━━━━━━━━━━━━━━━━━━━━━━━━━━━━━━ 578.0/578.0 MB 38.0 MB/s  0:00:11
Downloading protobuf-3.19.6-cp310-cp310-manylinux_2_17_x86_64.manylinux2014_x86_64.whl (1.1 MB)
   ━━━━━━━━━━━━━━━━━━━━━━━━━━━━━━━━━━━━━━━━ 1.1/1.1 MB 49.1 MB/s  0:00:00
Using cached streamlit-1.22.0-py2.py3-none-any.whl (8.9 MB)
Downloading numpy-1.26.4-cp310-cp310-manylinux_2_17_x86_64.manylinux2014_x86_64.whl (18.2 MB)
   ━━━━━━━━━━━━━━━━━━━━━━━━━━━━━━━━━━━━━━━━ 18.2/18.2 MB 74.7 MB/s  0:00:00
Downloading altair-4.2.2-py3-none-any.whl (813 kB)
   ━━━━━━━━━━━━━━━━━━━━━━━━━━━━━━━━━━━━━━━━ 813.6/813.6 kB 40.5 MB/s  0:00:00
Downloading gast-0.4.0-py3-none-any.whl (9.8 kB)
Downloading grpcio-1.80.0-cp310-cp310-manylinux2014_x86_64.manylinux_2_17_x86_64.whl (6.8 MB)
   ━━━━━━━━━━━━━━━━━━━━━━━━━━━━━━━━━━━━━━━━ 6.8/6.8 MB 70.5 MB/s  0:00:00
Downloading keras-2.10.0-py2.py3-none-any.whl (1.7 MB)
   ━━━━━━━━━━━━━━━━━━━━━━━━━━━━━━━━━━━━━━━━ 1.7/1.7 MB 49.9 MB/s  0:00:00
Downloading pandas-2.3.3-cp310-cp310-manylinux_2_24_x86_64.manylinux_2_28_x86_64.whl (12.8 MB)
   ━━━━━━━━━━━━━━━━━━━━━━━━━━━━━━━━━━━━━━━━ 12.8/12.8 MB 74.3 MB/s  0:00:00
Downloading tenacity-8.5.0-py3-none-any.whl (28 kB)
Downloading tensorboard-2.10.1-py3-none-any.whl (5.9 MB)
   ━━━━━━━━━━━━━━━━━━━━━━━━━━━━━━━━━━━━━━━━ 5.9/5.9 MB 73.4 MB/s  0:00:00
Downloading google_auth-2.53.0-py3-none-any.whl (246 kB)
Downloading google_auth_oauthlib-0.4.6-py2.py3-none-any.whl (18 kB)
Downloading requests-2.34.2-py3-none-any.whl (73 kB)
Downloading charset_normalizer-3.4.7-cp310-cp310-manylinux2014_x86_64.manylinux_2_17_x86_64.manylinux_2_28_x86_64.whl (216 kB)
Downloading idna-3.17-py3-none-any.whl (65 kB)
Downloading tensorboard_data_server-0.6.1-py3-none-manylinux2010_x86_64.whl (4.9 MB)
   ━━━━━━━━━━━━━━━━━━━━━━━━━━━━━━━━━━━━━━━━ 4.9/4.9 MB 70.4 MB/s  0:00:00
Downloading tensorflow_estimator-2.10.0-py2.py3-none-any.whl (438 kB)
Downloading typing_extensions-4.15.0-py3-none-any.whl (44 kB)
Downloading urllib3-2.7.0-py3-none-any.whl (131 kB)
Downloading h5py-3.16.0-cp310-cp310-manylinux_2_28_x86_64.whl (5.1 MB)
   ━━━━━━━━━━━━━━━━━━━━━━━━━━━━━━━━━━━━━━━━ 5.1/5.1 MB 74.2 MB/s  0:00:00
Downloading matplotlib-3.10.9-cp310-cp310-manylinux2014_x86_64.manylinux_2_17_x86_64.whl (8.8 MB)
   ━━━━━━━━━━━━━━━━━━━━━━━━━━━━━━━━━━━━━━━━ 8.8/8.8 MB 74.8 MB/s  0:00:00
Downloading scikit_learn-1.7.2-cp310-cp310-manylinux2014_x86_64.manylinux_2_17_x86_64.whl (9.7 MB)
   ━━━━━━━━━━━━━━━━━━━━━━━━━━━━━━━━━━━━━━━━ 9.7/9.7 MB 71.8 MB/s  0:00:00
Downloading scipy-1.15.3-cp310-cp310-manylinux_2_17_x86_64.manylinux2014_x86_64.whl (37.7 MB)
   ━━━━━━━━━━━━━━━━━━━━━━━━━━━━━━━━━━━━━━━━ 37.7/37.7 MB 73.7 MB/s  0:00:00
Using cached seaborn-0.13.2-py3-none-any.whl (294 kB)
Using cached tqdm-4.67.3-py3-none-any.whl (78 kB)
Using cached plotly-6.7.0-py3-none-any.whl (9.9 MB)
Downloading absl_py-2.4.0-py3-none-any.whl (135 kB)
Downloading astunparse-1.6.3-py2.py3-none-any.whl (12 kB)
Using cached six-1.17.0-py2.py3-none-any.whl (11 kB)
Downloading blinker-1.9.0-py3-none-any.whl (8.5 kB)
Downloading cachetools-7.1.4-py3-none-any.whl (16 kB)
Downloading certifi-2026.5.20-py3-none-any.whl (134 kB)
Downloading click-8.4.1-py3-none-any.whl (116 kB)
Downloading contourpy-1.3.2-cp310-cp310-manylinux_2_17_x86_64.manylinux2014_x86_64.whl (325 kB)
Downloading cryptography-48.0.0-cp39-abi3-manylinux_2_34_x86_64.whl (4.7 MB)
   ━━━━━━━━━━━━━━━━━━━━━━━━━━━━━━━━━━━━━━━━ 4.7/4.7 MB 71.1 MB/s  0:00:00
Downloading cffi-2.0.0-cp310-cp310-manylinux2014_x86_64.manylinux_2_17_x86_64.whl (216 kB)
Using cached cycler-0.12.1-py3-none-any.whl (8.3 kB)
Downloading flatbuffers-25.12.19-py2.py3-none-any.whl (26 kB)
Downloading fonttools-4.63.0-cp310-cp310-manylinux2014_x86_64.manylinux_2_17_x86_64.whl (4.9 MB)
   ━━━━━━━━━━━━━━━━━━━━━━━━━━━━━━━━━━━━━━━━ 4.9/4.9 MB 71.1 MB/s  0:00:00
Downloading gitpython-3.1.50-py3-none-any.whl (212 kB)
Downloading gitdb-4.0.12-py3-none-any.whl (62 kB)
Downloading smmap-5.0.3-py3-none-any.whl (24 kB)
Downloading google_pasta-0.2.0-py3-none-any.whl (57 kB)
Downloading importlib_metadata-9.0.0-py3-none-any.whl (27 kB)
Using cached joblib-1.5.3-py3-none-any.whl (309 kB)
Downloading jsonschema-4.26.0-py3-none-any.whl (90 kB)
Downloading attrs-26.1.0-py3-none-any.whl (67 kB)
Downloading jsonschema_specifications-2025.9.1-py3-none-any.whl (18 kB)
Downloading Keras_Preprocessing-1.1.2-py2.py3-none-any.whl (42 kB)
Downloading kiwisolver-1.5.0-cp310-cp310-manylinux_2_12_x86_64.manylinux2010_x86_64.whl (1.6 MB)
   ━━━━━━━━━━━━━━━━━━━━━━━━━━━━━━━━━━━━━━━━ 1.6/1.6 MB 51.8 MB/s  0:00:00
Downloading libclang-18.1.1-py2.py3-none-manylinux2010_x86_64.whl (24.5 MB)
   ━━━━━━━━━━━━━━━━━━━━━━━━━━━━━━━━━━━━━━━━ 24.5/24.5 MB 73.3 MB/s  0:00:00
Downloading markdown-3.10.2-py3-none-any.whl (108 kB)
Using cached narwhals-2.21.2-py3-none-any.whl (451 kB)
Downloading opt_einsum-3.4.0-py3-none-any.whl (71 kB)
Downloading pillow-12.2.0-cp310-cp310-manylinux_2_27_x86_64.manylinux_2_28_x86_64.whl (7.1 MB)
   ━━━━━━━━━━━━━━━━━━━━━━━━━━━━━━━━━━━━━━━━ 7.1/7.1 MB 41.3 MB/s  0:00:00
Downloading pyarrow-24.0.0-cp310-cp310-manylinux_2_28_x86_64.whl (48.8 MB)
   ━━━━━━━━━━━━━━━━━━━━━━━━━━━━━━━━━━━━━━━━ 48.8/48.8 MB 43.7 MB/s  0:00:01
Downloading pyasn1_modules-0.4.2-py3-none-any.whl (181 kB)
Downloading pyasn1-0.6.3-py3-none-any.whl (83 kB)
Downloading pydeck-0.9.2-py2.py3-none-any.whl (11.3 MB)
   ━━━━━━━━━━━━━━━━━━━━━━━━━━━━━━━━━━━━━━━━ 11.3/11.3 MB 47.4 MB/s  0:00:00
Downloading jinja2-3.1.6-py3-none-any.whl (134 kB)
Downloading markupsafe-3.0.3-cp310-cp310-manylinux2014_x86_64.manylinux_2_17_x86_64.manylinux_2_28_x86_64.whl (20 kB)
Downloading Pympler-1.1-py3-none-any.whl (165 kB)
Using cached pyparsing-3.3.2-py3-none-any.whl (122 kB)
Using cached python_dateutil-2.9.0.post0-py2.py3-none-any.whl (229 kB)
Downloading pytz-2026.2-py2.py3-none-any.whl (510 kB)
Downloading referencing-0.37.0-py3-none-any.whl (26 kB)
Downloading requests_oauthlib-2.0.0-py2.py3-none-any.whl (24 kB)
Downloading oauthlib-3.3.1-py3-none-any.whl (160 kB)
Downloading rich-15.0.0-py3-none-any.whl (310 kB)
Downloading pygments-2.20.0-py3-none-any.whl (1.2 MB)
   ━━━━━━━━━━━━━━━━━━━━━━━━━━━━━━━━━━━━━━━━ 1.2/1.2 MB 29.4 MB/s  0:00:00
Downloading markdown_it_py-4.2.0-py3-none-any.whl (91 kB)
Downloading mdurl-0.1.2-py3-none-any.whl (10.0 kB)
Downloading rpds_py-0.30.0-cp310-cp310-manylinux_2_17_x86_64.manylinux2014_x86_64.whl (390 kB)
Downloading tensorboard_plugin_wit-1.8.1-py3-none-any.whl (781 kB)
   ━━━━━━━━━━━━━━━━━━━━━━━━━━━━━━━━━━━━━━━━ 781.3/781.3 kB 23.1 MB/s  0:00:00
Downloading tensorflow_io_gcs_filesystem-0.37.1-cp310-cp310-manylinux_2_17_x86_64.manylinux2014_x86_64.whl (5.1 MB)
   ━━━━━━━━━━━━━━━━━━━━━━━━━━━━━━━━━━━━━━━━ 5.1/5.1 MB 46.7 MB/s  0:00:00
Downloading termcolor-3.3.0-py3-none-any.whl (7.7 kB)
Using cached threadpoolctl-3.6.0-py3-none-any.whl (18 kB)
Downloading tornado-6.5.6-cp39-abi3-manylinux1_x86_64.manylinux_2_28_x86_64.manylinux_2_5_x86_64.whl (448 kB)
Downloading tzdata-2026.2-py2.py3-none-any.whl (349 kB)
Downloading tzlocal-5.3.1-py3-none-any.whl (18 kB)
Downloading validators-0.35.0-py3-none-any.whl (44 kB)
Downloading werkzeug-3.1.8-py3-none-any.whl (226 kB)
Downloading wrapt-2.2.1-cp310-cp310-manylinux1_x86_64.manylinux_2_28_x86_64.manylinux_2_5_x86_64.whl (152 kB)
Downloading zipp-4.1.0-py3-none-any.whl (10 kB)
Downloading entrypoints-0.4-py3-none-any.whl (5.3 kB)
Downloading pycparser-3.0-py3-none-any.whl (48 kB)
Downloading toml-0.10.2-py2.py3-none-any.whl (16 kB)
Downloading toolz-1.1.0-py3-none-any.whl (58 kB)
Downloading watchdog-6.0.0-py3-none-manylinux2014_x86_64.whl (79 kB)
Installing collected packages: tensorboard-plugin-wit, pytz, libclang, keras, flatbuffers, zipp, wrapt, watchdog, validators, urllib3, tzlocal, tzdata, typing-extensions, tqdm, tornado, toolz, toml, threadpoolctl, termcolor, tensorflow-io-gcs-filesystem, tensorflow-estimator, tensorboard-data-server, tenacity, smmap, six, rpds-py, pyparsing, pympler, pygments, pycparser, pyasn1, pyarrow, protobuf, pillow, opt-einsum, oauthlib, numpy, narwhals, mdurl, MarkupSafe, markdown, kiwisolver, joblib, idna, gast, fonttools, entrypoints, cycler, click, charset_normalizer, certifi, cachetools, blinker, attrs, absl-py, werkzeug, scipy, requests, referencing, python-dateutil, pyasn1-modules, plotly, markdown-it-py, keras-preprocessing, jinja2, importlib-metadata, h5py, grpcio, google-pasta, gitdb, contourpy, cffi, astunparse, scikit-learn, rich, requests-oauthlib, pydeck, pandas, matplotlib, jsonschema-specifications, gitpython, cryptography, seaborn, jsonschema, google-auth, google-auth-oauthlib, altair, tensorboard, streamlit, tensorflow

Successfully installed MarkupSafe-3.0.3 absl-py-2.4.0 altair-4.2.2 astunparse-1.6.3 attrs-26.1.0 blinker-1.9.0 cachetools-7.1.4 certifi-2026.5.20 cffi-2.0.0 charset_normalizer-3.4.7 click-8.4.1 contourpy-1.3.2 cryptography-48.0.0 cycler-0.12.1 entrypoints-0.4 flatbuffers-25.12.19 fonttools-4.63.0 gast-0.4.0 gitdb-4.0.12 gitpython-3.1.50 google-auth-2.53.0 google-auth-oauthlib-0.4.6 google-pasta-0.2.0 grpcio-1.80.0 h5py-3.16.0 idna-3.17 importlib-metadata-9.0.0 jinja2-3.1.6 joblib-1.5.3 jsonschema-4.26.0 jsonschema-specifications-2025.9.1 keras-2.10.0 keras-preprocessing-1.1.2 kiwisolver-1.5.0 libclang-18.1.1 markdown-3.10.2 markdown-it-py-4.2.0 matplotlib-3.10.9 mdurl-0.1.2 narwhals-2.21.2 numpy-1.26.4 oauthlib-3.3.1 opt-einsum-3.4.0 pandas-2.3.3 pillow-12.2.0 plotly-6.7.0 protobuf-3.19.6 pyarrow-24.0.0 pyasn1-0.6.3 pyasn1-modules-0.4.2 pycparser-3.0 pydeck-0.9.2 pygments-2.20.0 pympler-1.1 pyparsing-3.3.2 python-dateutil-2.9.0.post0 pytz-2026.2 referencing-0.37.0 requests-2.34.2 requests-oauthlib-2.0.0 rich-15.0.0 rpds-py-0.30.0 scikit-learn-1.7.2 scipy-1.15.3 seaborn-0.13.2 six-1.17.0 smmap-5.0.3 streamlit-1.22.0 tenacity-8.5.0 tensorboard-2.10.1 tensorboard-data-server-0.6.1 tensorboard-plugin-wit-1.8.1 tensorflow-2.10.0 tensorflow-estimator-2.10.0 tensorflow-io-gcs-filesystem-0.37.1 termcolor-3.3.0 threadpoolctl-3.6.0 toml-0.10.2 toolz-1.1.0 tornado-6.5.6 tqdm-4.67.3 typing-extensions-4.15.0 tzdata-2026.2 tzlocal-5.3.1 urllib3-2.7.0 validators-0.35.0 watchdog-6.0.0 werkzeug-3.1.8 wrapt-2.2.1 zipp-4.1.0
